    2020-08-30 16:33:27,565 INFO com.zaxxer.hikari.HikariDataSource [SpringContextShutdownHook] HikariPool-1 - Shutdown initiated...
2020-08-30 16:33:27,570 INFO com.zaxxer.hikari.HikariDataSource [SpringContextShutdownHook] HikariPool-1 - Shutdown completed.
2020-08-30 16:33:33,473 INFO com.radha.SpringBootWithElkApplication [restartedMain] Starting SpringBootWithElkApplication on adarshs-MacBook-Pro.local with PID 8894 (/Volumes/Radha-Home/Spring boot/spring-boot-with-elk/target/classes started by radhasingh in /Volumes/Radha-Home/Spring boot/spring-boot-with-elk)
2020-08-30 16:33:33,475 INFO com.radha.SpringBootWithElkApplication [restartedMain] No active profile set, falling back to default profiles: default
2020-08-30 16:33:33,531 INFO org.springframework.boot.devtools.env.DevToolsPropertyDefaultsPostProcessor [restartedMain] Devtools property defaults active! Set 'spring.devtools.add-properties' to 'false' to disable
2020-08-30 16:33:33,531 INFO org.springframework.boot.devtools.env.DevToolsPropertyDefaultsPostProcessor [restartedMain] For additional web related logging consider setting the 'logging.level.web' property to 'DEBUG'
2020-08-30 16:33:34,165 INFO org.springframework.data.repository.config.RepositoryConfigurationDelegate [restartedMain] Bootstrapping Spring Data JPA repositories in DEFERRED mode.
2020-08-30 16:33:34,217 INFO org.springframework.data.repository.config.RepositoryConfigurationDelegate [restartedMain] Finished Spring Data repository scanning in 44ms. Found 1 JPA repository interfaces.
2020-08-30 16:33:34,837 INFO org.springframework.boot.web.embedded.tomcat.TomcatWebServer [restartedMain] Tomcat initialized with port(s): 8080 (http)
2020-08-30 16:33:34,847 INFO org.apache.coyote.http11.Http11NioProtocol [restartedMain] Initializing ProtocolHandler ["http-nio-8080"]
2020-08-30 16:33:34,848 INFO org.apache.catalina.core.StandardService [restartedMain] Starting service [Tomcat]
2020-08-30 16:33:34,848 INFO org.apache.catalina.core.StandardEngine [restartedMain] Starting Servlet engine: [Apache Tomcat/9.0.37]
2020-08-30 16:33:34,918 INFO org.apache.catalina.core.ContainerBase.[Tomcat].[localhost].[/] [restartedMain] Initializing Spring embedded WebApplicationContext
2020-08-30 16:33:34,918 INFO org.springframework.boot.web.servlet.context.ServletWebServerApplicationContext [restartedMain] Root WebApplicationContext: initialization completed in 1386 ms
2020-08-30 16:33:34,962 INFO com.zaxxer.hikari.HikariDataSource [restartedMain] HikariPool-1 - Starting...
2020-08-30 16:33:35,201 INFO com.zaxxer.hikari.HikariDataSource [restartedMain] HikariPool-1 - Start completed.
2020-08-30 16:33:35,208 INFO org.springframework.boot.autoconfigure.h2.H2ConsoleAutoConfiguration [restartedMain] H2 console available at '/h2-console'. Database available at 'jdbc:h2:mem:testdb'
2020-08-30 16:33:35,334 INFO org.springframework.scheduling.concurrent.ThreadPoolTaskExecutor [restartedMain] Initializing ExecutorService 'applicationTaskExecutor'
2020-08-30 16:33:35,388 INFO org.hibernate.jpa.internal.util.LogHelper [task-1] HHH000204: Processing PersistenceUnitInfo [name: default]
2020-08-30 16:33:35,430 WARN org.springframework.boot.autoconfigure.orm.jpa.JpaBaseConfiguration$JpaWebConfiguration [restartedMain] spring.jpa.open-in-view is enabled by default. Therefore, database queries may be performed during view rendering. Explicitly configure spring.jpa.open-in-view to disable this warning
2020-08-30 16:33:35,439 INFO org.hibernate.Version [task-1] HHH000412: Hibernate ORM core version 5.4.20.Final
2020-08-30 16:33:35,600 INFO org.hibernate.annotations.common.Version [task-1] HCANN000001: Hibernate Commons Annotations {5.1.0.Final}
2020-08-30 16:33:35,723 INFO org.hibernate.dialect.Dialect [task-1] HHH000400: Using dialect: org.hibernate.dialect.H2Dialect
2020-08-30 16:33:35,750 INFO org.springframework.boot.devtools.autoconfigure.OptionalLiveReloadServer [restartedMain] LiveReload server is running on port 35729
2020-08-30 16:33:35,764 INFO org.apache.coyote.http11.Http11NioProtocol [restartedMain] Starting ProtocolHandler ["http-nio-8080"]
2020-08-30 16:33:35,798 INFO org.springframework.boot.web.embedded.tomcat.TomcatWebServer [restartedMain] Tomcat started on port(s): 8080 (http) with context path ''
2020-08-30 16:33:35,800 INFO org.springframework.data.repository.config.DeferredRepositoryInitializationListener [restartedMain] Triggering deferred initialization of Spring Data repositories…
2020-08-30 16:33:36,366 INFO org.hibernate.engine.transaction.jta.platform.internal.JtaPlatformInitiator [task-1] HHH000490: Using JtaPlatform implementation: [org.hibernate.engine.transaction.jta.platform.internal.NoJtaPlatform]
2020-08-30 16:33:36,374 INFO org.springframework.orm.jpa.LocalContainerEntityManagerFactoryBean [task-1] Initialized JPA EntityManagerFactory for persistence unit 'default'
2020-08-30 16:33:36,574 INFO org.springframework.data.repository.config.DeferredRepositoryInitializationListener [restartedMain] Spring Data repositories initialized!
2020-08-30 16:33:36,583 INFO com.radha.SpringBootWithElkApplication [restartedMain] Started SpringBootWithElkApplication in 3.425 seconds (JVM running for 4.006)
2020-08-30 16:40:39,230 INFO org.apache.catalina.core.ContainerBase.[Tomcat].[localhost].[/] [http-nio-8080-exec-1] Initializing Spring DispatcherServlet 'dispatcherServlet'
2020-08-30 16:40:39,230 INFO org.springframework.web.servlet.DispatcherServlet [http-nio-8080-exec-1] Initializing Servlet 'dispatcherServlet'
2020-08-30 16:40:39,243 INFO org.springframework.web.servlet.DispatcherServlet [http-nio-8080-exec-1] Completed initialization in 13 ms
2020-08-30 16:40:39,306 INFO com.radha.controller.EmployeeController [http-nio-8080-exec-1] inside the findById method id :1
2020-08-30 16:40:39,307 INFO com.radha.service.EmployeeService [http-nio-8080-exec-1] inside the findById method id : 1
2020-08-30 16:40:42,666 INFO com.radha.controller.EmployeeController [http-nio-8080-exec-3] inside the save method Employee(empId=null, firstName=adarsh, lastName=Singh)
2020-08-30 16:40:42,666 INFO com.radha.service.EmployeeService [http-nio-8080-exec-3] inside the save method employee :Employee(empId=null, firstName=adarsh, lastName=Singh)
2020-08-30 16:47:50,125 INFO com.radha.controller.EmployeeController [http-nio-8080-exec-6] inside the save method Employee(empId=null, firstName=adarsh, lastName=Singh)
2020-08-30 16:47:50,126 INFO com.radha.service.EmployeeService [http-nio-8080-exec-6] inside the save method employee :Employee(empId=null, firstName=adarsh, lastName=Singh)
2020-08-30 16:47:54,820 INFO com.radha.controller.EmployeeController [http-nio-8080-exec-7] inside the save method Employee(empId=null, firstName=radha, lastName=Singh)
2020-08-30 16:47:54,820 INFO com.radha.service.EmployeeService [http-nio-8080-exec-7] inside the save method employee :Employee(empId=null, firstName=radha, lastName=Singh)
2020-08-30 16:47:57,970 INFO com.radha.controller.EmployeeController [http-nio-8080-exec-8] inside the findById method id :1
2020-08-30 16:47:57,970 INFO com.radha.service.EmployeeService [http-nio-8080-exec-8] inside the findById method id : 1
2020-08-30 17:01:31,537 WARN org.springframework.web.servlet.mvc.support.DefaultHandlerExceptionResolver [http-nio-8080-exec-1] Resolved [org.springframework.http.converter.HttpMessageNotReadableException: JSON parse error: Illegal unquoted character ((CTRL-CHAR, code 10)): has to be escaped using backslash to be included in string value; nested exception is com.fasterxml.jackson.databind.JsonMappingException: Illegal unquoted character ((CTRL-CHAR, code 10)): has to be escaped using backslash to be included in string value
 at [Source: (PushbackInputStream); line: 2, column: 22] (through reference chain: com.radha.entity.Employee["firstName"])]
2020-08-30 17:01:37,794 INFO com.radha.controller.EmployeeController [http-nio-8080-exec-4] inside the save method Employee(empId=null, firstName=, lastName=Singh)
2020-08-30 17:01:37,795 INFO com.radha.service.EmployeeService [http-nio-8080-exec-4] inside the save method employee :Employee(empId=null, firstName=, lastName=Singh)
